{"level":"info","version":"3.0.4","time":"2025-12-21T14:21:18-06:00","message":"Traefik version 3.0.4 built on 2024-07-02T13:46:37Z"}
{"level":"info","time":"2025-12-21T14:21:18-06:00","message":"\nStats collection is disabled.\nHelp us improve Traefik by turning this feature on :)\nMore details on: https://doc.traefik.io/traefik/contributing/data-collection/\n"}
{"level":"info","time":"2025-12-21T14:21:18-06:00","message":"Starting provider aggregator aggregator.ProviderAggregator"}
{"level":"info","time":"2025-12-21T14:21:18-06:00","message":"Starting provider *file.Provider"}
{"level":"info","time":"2025-12-21T14:21:18-06:00","message":"Starting provider *traefik.Provider"}
{"level":"info","time":"2025-12-21T14:21:18-06:00","message":"Starting provider *docker.Provider"}
{"level":"info","time":"2025-12-21T14:21:18-06:00","message":"Starting provider *acme.ChallengeTLSALPN"}
{"level":"error","error":"read tcp 172.20.0.4:80->192.168.1.13:53799: i/o timeout","time":"2025-12-21T14:23:21-06:00","message":"Error while Peeking first byte"}
{"level":"error","error":"read tcp 172.20.0.4:80->192.168.1.13:54916: i/o timeout","time":"2025-12-21T14:23:21-06:00","message":"Error while Peeking first byte"}
{"level":"info","time":"2025-12-21T14:24:03-06:00","message":"I have to go..."}
{"level":"info","time":"2025-12-21T14:24:03-06:00","message":"Stopping server gracefully"}
{"level":"error","entryPointName":"web","error":"accept tcp [::]:80: use of closed network connection","time":"2025-12-21T14:24:03-06:00"}
{"level":"error","entryPointName":"web","error":"close tcp [::]:80: use of closed network connection","time":"2025-12-21T14:24:03-06:00"}
{"level":"error","entryPointName":"traefik","error":"accept tcp [::]:8080: use of closed network connection","time":"2025-12-21T14:24:03-06:00"}
{"level":"error","entryPointName":"websecure","error":"accept tcp [::]:443: use of closed network connection","time":"2025-12-21T14:24:03-06:00"}
{"level":"error","entryPointName":"traefik","error":"close tcp [::]:8080: use of closed network connection","time":"2025-12-21T14:24:03-06:00"}
{"level":"error","entryPointName":"websecure","error":"close tcp [::]:443: use of closed network connection","time":"2025-12-21T14:24:03-06:00"}
{"level":"info","time":"2025-12-21T14:24:03-06:00","message":"Server stopped"}
{"level":"info","time":"2025-12-21T14:24:03-06:00","message":"Shutting down"}
{"level":"info","version":"3.0.4","time":"2025-12-21T14:24:08-06:00","message":"Traefik version 3.0.4 built on 2024-07-02T13:46:37Z"}
{"level":"info","time":"2025-12-21T14:24:08-06:00","message":"\nStats collection is disabled.\nHelp us improve Traefik by turning this feature on :)\nMore details on: https://doc.traefik.io/traefik/contributing/data-collection/\n"}
{"level":"info","time":"2025-12-21T14:24:08-06:00","message":"Starting provider aggregator aggregator.ProviderAggregator"}
{"level":"info","time":"2025-12-21T14:24:08-06:00","message":"Starting provider *file.Provider"}
{"level":"info","time":"2025-12-21T14:24:08-06:00","message":"Starting provider *traefik.Provider"}
{"level":"info","time":"2025-12-21T14:24:08-06:00","message":"Starting provider *docker.Provider"}
{"level":"info","time":"2025-12-21T14:24:08-06:00","message":"Starting provider *acme.ChallengeTLSALPN"}
{"level":"info","time":"2025-12-21T14:24:41-06:00","message":"I have to go..."}
{"level":"info","time":"2025-12-21T14:24:41-06:00","message":"Stopping server gracefully"}
{"level":"error","entryPointName":"websecure","error":"accept tcp [::]:443: use of closed network connection","time":"2025-12-21T14:24:41-06:00"}
{"level":"error","entryPointName":"traefik","error":"accept tcp [::]:8080: use of closed network connection","time":"2025-12-21T14:24:41-06:00"}
{"level":"error","entryPointName":"web","error":"accept tcp [::]:80: use of closed network connection","time":"2025-12-21T14:24:41-06:00"}
{"level":"error","entryPointName":"websecure","error":"close tcp [::]:443: use of closed network connection","time":"2025-12-21T14:24:41-06:00"}
{"level":"error","entryPointName":"traefik","error":"close tcp [::]:8080: use of closed network connection","time":"2025-12-21T14:24:41-06:00"}
{"level":"error","entryPointName":"web","error":"close tcp [::]:80: use of closed network connection","time":"2025-12-21T14:24:41-06:00"}
{"level":"info","time":"2025-12-21T14:24:41-06:00","message":"Server stopped"}
{"level":"info","time":"2025-12-21T14:24:41-06:00","message":"Shutting down"}
{"level":"info","version":"3.0.4","time":"2025-12-21T14:24:45-06:00","message":"Traefik version 3.0.4 built on 2024-07-02T13:46:37Z"}
{"level":"info","time":"2025-12-21T14:24:45-06:00","message":"\nStats collection is disabled.\nHelp us improve Traefik by turning this feature on :)\nMore details on: https://doc.traefik.io/traefik/contributing/data-collection/\n"}
{"level":"info","time":"2025-12-21T14:24:45-06:00","message":"Starting provider aggregator aggregator.ProviderAggregator"}
{"level":"info","time":"2025-12-21T14:24:45-06:00","message":"Starting provider *file.Provider"}
{"level":"info","time":"2025-12-21T14:24:45-06:00","message":"Starting provider *traefik.Provider"}
{"level":"info","time":"2025-12-21T14:24:45-06:00","message":"Starting provider *docker.Provider"}
{"level":"info","time":"2025-12-21T14:24:45-06:00","message":"Starting provider *acme.ChallengeTLSALPN"}
{"level":"info","time":"2025-12-21T14:32:04-06:00","message":"I have to go..."}
{"level":"info","time":"2025-12-21T14:32:04-06:00","message":"Stopping server gracefully"}
{"level":"error","entryPointName":"web","error":"accept tcp [::]:80: use of closed network connection","time":"2025-12-21T14:32:04-06:00"}
{"level":"error","entryPointName":"websecure","error":"accept tcp [::]:443: use of closed network connection","time":"2025-12-21T14:32:04-06:00"}
{"level":"error","entryPointName":"web","error":"close tcp [::]:80: use of closed network connection","time":"2025-12-21T14:32:04-06:00"}
{"level":"error","entryPointName":"websecure","error":"close tcp [::]:443: use of closed network connection","time":"2025-12-21T14:32:04-06:00"}
{"level":"error","entryPointName":"traefik","error":"accept tcp [::]:8080: use of closed network connection","time":"2025-12-21T14:32:04-06:00"}
{"level":"error","entryPointName":"traefik","error":"close tcp [::]:8080: use of closed network connection","time":"2025-12-21T14:32:04-06:00"}
{"level":"info","time":"2025-12-21T14:32:04-06:00","message":"Server stopped"}
{"level":"info","time":"2025-12-21T14:32:04-06:00","message":"Shutting down"}
{"level":"info","version":"3.0.4","time":"2025-12-21T14:32:10-06:00","message":"Traefik version 3.0.4 built on 2024-07-02T13:46:37Z"}
{"level":"info","time":"2025-12-21T14:32:10-06:00","message":"\nStats collection is disabled.\nHelp us improve Traefik by turning this feature on :)\nMore details on: https://doc.traefik.io/traefik/contributing/data-collection/\n"}
{"level":"info","time":"2025-12-21T14:32:10-06:00","message":"Starting provider aggregator aggregator.ProviderAggregator"}
{"level":"info","time":"2025-12-21T14:32:10-06:00","message":"Starting provider *file.Provider"}
{"level":"info","time":"2025-12-21T14:32:10-06:00","message":"Starting provider *traefik.Provider"}
{"level":"info","time":"2025-12-21T14:32:10-06:00","message":"Starting provider *docker.Provider"}
{"level":"info","time":"2025-12-21T14:32:10-06:00","message":"Starting provider *acme.ChallengeTLSALPN"}
{"level":"info","time":"2025-12-21T14:34:47-06:00","message":"I have to go..."}
{"level":"info","time":"2025-12-21T14:34:47-06:00","message":"Stopping server gracefully"}
{"level":"error","entryPointName":"websecure","error":"accept tcp [::]:443: use of closed network connection","time":"2025-12-21T14:34:47-06:00"}
{"level":"error","entryPointName":"websecure","error":"close tcp [::]:443: use of closed network connection","time":"2025-12-21T14:34:47-06:00"}
{"level":"error","entryPointName":"web","error":"accept tcp [::]:80: use of closed network connection","time":"2025-12-21T14:34:47-06:00"}
{"level":"error","entryPointName":"web","error":"accept tcp [::]:80: use of closed network connection","time":"2025-12-21T14:34:47-06:00","message":"Error while starting server"}
{"level":"error","entryPointName":"traefik","error":"accept tcp [::]:8080: use of closed network connection","time":"2025-12-21T14:34:47-06:00"}
{"level":"error","entryPointName":"traefik","error":"close tcp [::]:8080: use of closed network connection","time":"2025-12-21T14:34:47-06:00"}
{"level":"info","time":"2025-12-21T14:34:47-06:00","message":"Server stopped"}
{"level":"info","time":"2025-12-21T14:34:47-06:00","message":"Shutting down"}
{"level":"info","version":"3.0.4","time":"2025-12-21T14:34:53-06:00","message":"Traefik version 3.0.4 built on 2024-07-02T13:46:37Z"}
{"level":"info","time":"2025-12-21T14:34:53-06:00","message":"\nStats collection is disabled.\nHelp us improve Traefik by turning this feature on :)\nMore details on: https://doc.traefik.io/traefik/contributing/data-collection/\n"}
{"level":"info","time":"2025-12-21T14:34:53-06:00","message":"Starting provider aggregator aggregator.ProviderAggregator"}
{"level":"info","time":"2025-12-21T14:34:53-06:00","message":"Starting provider *file.Provider"}
{"level":"info","time":"2025-12-21T14:34:53-06:00","message":"Starting provider *docker.Provider"}
{"level":"info","time":"2025-12-21T14:34:53-06:00","message":"Starting provider *acme.ChallengeTLSALPN"}
{"level":"info","time":"2025-12-21T14:34:53-06:00","message":"Starting provider *traefik.Provider"}
{"level":"info","time":"2025-12-21T14:38:15-06:00","message":"I have to go..."}
{"level":"info","time":"2025-12-21T14:38:15-06:00","message":"Stopping server gracefully"}
{"level":"error","entryPointName":"web","error":"accept tcp [::]:80: use of closed network connection","time":"2025-12-21T14:38:15-06:00"}
{"level":"error","entryPointName":"websecure","error":"accept tcp [::]:443: use of closed network connection","time":"2025-12-21T14:38:15-06:00"}
{"level":"error","entryPointName":"traefik","error":"accept tcp [::]:8080: use of closed network connection","time":"2025-12-21T14:38:15-06:00"}
{"level":"error","entryPointName":"traefik","error":"close tcp [::]:8080: use of closed network connection","time":"2025-12-21T14:38:15-06:00"}
{"level":"error","entryPointName":"web","error":"close tcp [::]:80: use of closed network connection","time":"2025-12-21T14:38:15-06:00"}
{"level":"error","entryPointName":"websecure","error":"accept tcp [::]:443: use of closed network connection","time":"2025-12-21T14:38:15-06:00","message":"Error while starting server"}
{"level":"info","time":"2025-12-21T14:38:15-06:00","message":"Server stopped"}
{"level":"info","time":"2025-12-21T14:38:15-06:00","message":"Shutting down"}
{"level":"info","version":"3.0.4","time":"2025-12-21T14:38:22-06:00","message":"Traefik version 3.0.4 built on 2024-07-02T13:46:37Z"}
{"level":"info","time":"2025-12-21T14:38:22-06:00","message":"\nStats collection is disabled.\nHelp us improve Traefik by turning this feature on :)\nMore details on: https://doc.traefik.io/traefik/contributing/data-collection/\n"}
{"level":"info","time":"2025-12-21T14:38:22-06:00","message":"Starting provider aggregator aggregator.ProviderAggregator"}
{"level":"info","time":"2025-12-21T14:38:22-06:00","message":"Starting provider *file.Provider"}
{"level":"info","time":"2025-12-21T14:38:22-06:00","message":"Starting provider *traefik.Provider"}
{"level":"info","time":"2025-12-21T14:38:22-06:00","message":"Starting provider *docker.Provider"}
{"level":"info","time":"2025-12-21T14:38:22-06:00","message":"Starting provider *acme.ChallengeTLSALPN"}
{"level":"info","version":"3.0.4","time":"2025-12-21T14:39:11-06:00","message":"Traefik version 3.0.4 built on 2024-07-02T13:46:37Z"}
{"level":"info","time":"2025-12-21T14:39:11-06:00","message":"\nStats collection is disabled.\nHelp us improve Traefik by turning this feature on :)\nMore details on: https://doc.traefik.io/traefik/contributing/data-collection/\n"}
{"level":"error","error":"command traefik error: error while building entryPoint websecure: error preparing server: error opening listener: listen tcp :443: bind: address already in use","time":"2025-12-21T14:39:11-06:00","message":"Command error"}
{"level":"info","version":"3.0.4","time":"2025-12-21T14:39:57-06:00","message":"Traefik version 3.0.4 built on 2024-07-02T13:46:37Z"}
{"level":"info","time":"2025-12-21T14:39:57-06:00","message":"\nStats collection is disabled.\nHelp us improve Traefik by turning this feature on :)\nMore details on: https://doc.traefik.io/traefik/contributing/data-collection/\n"}
{"level":"error","error":"command traefik error: error while building entryPoint web: error preparing server: error opening listener: listen tcp :80: bind: address already in use","time":"2025-12-21T14:39:57-06:00","message":"Command error"}
{"level":"info","version":"3.0.4","time":"2025-12-21T14:40:17-06:00","message":"Traefik version 3.0.4 built on 2024-07-02T13:46:37Z"}
{"level":"info","time":"2025-12-21T14:40:17-06:00","message":"\nStats collection is disabled.\nHelp us improve Traefik by turning this feature on :)\nMore details on: https://doc.traefik.io/traefik/contributing/data-collection/\n"}
{"level":"error","error":"command traefik error: error while building entryPoint web: error preparing server: error opening listener: listen tcp :80: bind: address already in use","time":"2025-12-21T14:40:17-06:00","message":"Command error"}
{"level":"info","version":"3.0.4","time":"2025-12-21T14:40:43-06:00","message":"Traefik version 3.0.4 built on 2024-07-02T13:46:37Z"}
{"level":"info","time":"2025-12-21T14:40:43-06:00","message":"\nStats collection is disabled.\nHelp us improve Traefik by turning this feature on :)\nMore details on: https://doc.traefik.io/traefik/contributing/data-collection/\n"}
{"level":"error","error":"command traefik error: error while building entryPoint web: error preparing server: error opening listener: listen tcp :80: bind: address already in use","time":"2025-12-21T14:40:43-06:00","message":"Command error"}
{"level":"info","version":"3.0.4","time":"2025-12-21T14:41:01-06:00","message":"Traefik version 3.0.4 built on 2024-07-02T13:46:37Z"}
{"level":"info","time":"2025-12-21T14:41:01-06:00","message":"\nStats collection is disabled.\nHelp us improve Traefik by turning this feature on :)\nMore details on: https://doc.traefik.io/traefik/contributing/data-collection/\n"}
{"level":"error","error":"command traefik error: error while building entryPoint web: error preparing server: error opening listener: listen tcp :80: bind: address already in use","time":"2025-12-21T14:41:01-06:00","message":"Command error"}
{"level":"warn","time":"2025-12-21T14:48:23-06:00","message":"A new release has been found: 3.6.5. Please consider updating."}
{"level":"info","time":"2025-12-21T14:51:20-06:00","message":"I have to go..."}
{"level":"info","time":"2025-12-21T14:51:20-06:00","message":"Stopping server gracefully"}
{"level":"error","entryPointName":"websecure","error":"accept tcp [::]:443: use of closed network connection","time":"2025-12-21T14:51:20-06:00"}
{"level":"error","entryPointName":"web","error":"accept tcp [::]:80: use of closed network connection","time":"2025-12-21T14:51:20-06:00"}
{"level":"error","entryPointName":"traefik","error":"accept tcp [::]:8080: use of closed network connection","time":"2025-12-21T14:51:20-06:00"}
{"level":"error","entryPointName":"traefik","error":"close tcp [::]:8080: use of closed network connection","time":"2025-12-21T14:51:20-06:00"}
{"level":"error","entryPointName":"websecure","error":"close tcp [::]:443: use of closed network connection","time":"2025-12-21T14:51:20-06:00"}
{"level":"error","entryPointName":"web","error":"close tcp [::]:80: use of closed network connection","time":"2025-12-21T14:51:20-06:00"}
{"level":"info","time":"2025-12-21T14:51:20-06:00","message":"Server stopped"}
{"level":"info","time":"2025-12-21T14:51:20-06:00","message":"Shutting down"}
{"level":"info","version":"3.0.4","time":"2025-12-21T14:51:24-06:00","message":"Traefik version 3.0.4 built on 2024-07-02T13:46:37Z"}
{"level":"info","time":"2025-12-21T14:51:24-06:00","message":"\nStats collection is disabled.\nHelp us improve Traefik by turning this feature on :)\nMore details on: https://doc.traefik.io/traefik/contributing/data-collection/\n"}
{"level":"info","time":"2025-12-21T14:51:24-06:00","message":"Starting provider aggregator aggregator.ProviderAggregator"}
{"level":"info","time":"2025-12-21T14:51:24-06:00","message":"Starting provider *file.Provider"}
{"level":"info","time":"2025-12-21T14:51:24-06:00","message":"Starting provider *traefik.Provider"}
{"level":"info","time":"2025-12-21T14:51:24-06:00","message":"Starting provider *acme.ChallengeTLSALPN"}
{"level":"info","time":"2025-12-21T14:51:24-06:00","message":"Starting provider *docker.Provider"}
{"level":"info","time":"2025-12-21T14:53:21-06:00","message":"I have to go..."}
{"level":"info","time":"2025-12-21T14:53:21-06:00","message":"Stopping server gracefully"}
{"level":"error","entryPointName":"websecure","error":"accept tcp [::]:443: use of closed network connection","time":"2025-12-21T14:53:21-06:00"}
{"level":"error","entryPointName":"websecure","error":"accept tcp [::]:443: use of closed network connection","time":"2025-12-21T14:53:21-06:00","message":"Error while starting server"}
{"level":"error","entryPointName":"web","error":"accept tcp [::]:80: use of closed network connection","time":"2025-12-21T14:53:21-06:00"}
{"level":"error","entryPointName":"web","error":"accept tcp [::]:80: use of closed network connection","time":"2025-12-21T14:53:21-06:00","message":"Error while starting server"}
{"level":"error","entryPointName":"traefik","error":"accept tcp [::]:8080: use of closed network connection","time":"2025-12-21T14:53:21-06:00"}
{"level":"error","entryPointName":"traefik","error":"close tcp [::]:8080: use of closed network connection","time":"2025-12-21T14:53:21-06:00"}
{"level":"info","time":"2025-12-21T14:53:21-06:00","message":"Server stopped"}
{"level":"info","time":"2025-12-21T14:53:21-06:00","message":"Shutting down"}
{"level":"info","version":"3.0.4","time":"2025-12-21T14:53:27-06:00","message":"Traefik version 3.0.4 built on 2024-07-02T13:46:37Z"}
{"level":"info","time":"2025-12-21T14:53:27-06:00","message":"\nStats collection is disabled.\nHelp us improve Traefik by turning this feature on :)\nMore details on: https://doc.traefik.io/traefik/contributing/data-collection/\n"}
{"level":"info","time":"2025-12-21T14:53:27-06:00","message":"Starting provider aggregator aggregator.ProviderAggregator"}
{"level":"info","time":"2025-12-21T14:53:27-06:00","message":"Starting provider *file.Provider"}
{"level":"info","time":"2025-12-21T14:53:27-06:00","message":"Starting provider *traefik.Provider"}
{"level":"info","time":"2025-12-21T14:53:27-06:00","message":"Starting provider *acme.ChallengeTLSALPN"}
{"level":"info","time":"2025-12-21T14:53:27-06:00","message":"Starting provider *docker.Provider"}
{"level":"info","time":"2025-12-21T14:56:51-06:00","message":"I have to go..."}
{"level":"info","time":"2025-12-21T14:56:51-06:00","message":"Stopping server gracefully"}
{"level":"error","entryPointName":"websecure","error":"accept tcp [::]:443: use of closed network connection","time":"2025-12-21T14:56:51-06:00"}
{"level":"error","entryPointName":"websecure","error":"close tcp [::]:443: use of closed network connection","time":"2025-12-21T14:56:51-06:00"}
{"level":"error","entryPointName":"web","error":"accept tcp [::]:80: use of closed network connection","time":"2025-12-21T14:56:51-06:00"}
{"level":"error","entryPointName":"web","error":"close tcp [::]:80: use of closed network connection","time":"2025-12-21T14:56:51-06:00"}
{"level":"error","entryPointName":"traefik","error":"accept tcp [::]:8080: use of closed network connection","time":"2025-12-21T14:56:51-06:00"}
{"level":"error","entryPointName":"traefik","error":"accept tcp [::]:8080: use of closed network connection","time":"2025-12-21T14:56:51-06:00","message":"Error while starting server"}
{"level":"info","time":"2025-12-21T14:56:51-06:00","message":"Server stopped"}
{"level":"info","time":"2025-12-21T14:56:51-06:00","message":"Shutting down"}
{"level":"info","version":"3.0.4","time":"2025-12-21T14:56:57-06:00","message":"Traefik version 3.0.4 built on 2024-07-02T13:46:37Z"}
{"level":"info","time":"2025-12-21T14:56:57-06:00","message":"\nStats collection is disabled.\nHelp us improve Traefik by turning this feature on :)\nMore details on: https://doc.traefik.io/traefik/contributing/data-collection/\n"}
{"level":"info","time":"2025-12-21T14:56:57-06:00","message":"Starting provider aggregator aggregator.ProviderAggregator"}
{"level":"info","time":"2025-12-21T14:56:57-06:00","message":"Starting provider *file.Provider"}
{"level":"info","time":"2025-12-21T14:56:57-06:00","message":"Starting provider *traefik.Provider"}
{"level":"info","time":"2025-12-21T14:56:57-06:00","message":"Starting provider *docker.Provider"}
{"level":"info","time":"2025-12-21T14:56:57-06:00","message":"Starting provider *acme.ChallengeTLSALPN"}
{"level":"info","time":"2025-12-21T14:58:19-06:00","message":"I have to go..."}
{"level":"info","time":"2025-12-21T14:58:19-06:00","message":"Stopping server gracefully"}
{"level":"error","entryPointName":"web","error":"accept tcp [::]:80: use of closed network connection","time":"2025-12-21T14:58:19-06:00"}
{"level":"error","entryPointName":"traefik","error":"accept tcp [::]:8080: use of closed network connection","time":"2025-12-21T14:58:19-06:00"}
{"level":"error","entryPointName":"web","error":"close tcp [::]:80: use of closed network connection","time":"2025-12-21T14:58:19-06:00"}
{"level":"error","entryPointName":"traefik","error":"close tcp [::]:8080: use of closed network connection","time":"2025-12-21T14:58:19-06:00"}
{"level":"error","entryPointName":"websecure","error":"accept tcp [::]:443: use of closed network connection","time":"2025-12-21T14:58:19-06:00"}
{"level":"error","entryPointName":"websecure","error":"close tcp [::]:443: use of closed network connection","time":"2025-12-21T14:58:19-06:00"}
{"level":"info","time":"2025-12-21T14:58:19-06:00","message":"Server stopped"}
{"level":"info","time":"2025-12-21T14:58:19-06:00","message":"Shutting down"}
{"level":"info","version":"3.0.4","time":"2025-12-21T14:58:25-06:00","message":"Traefik version 3.0.4 built on 2024-07-02T13:46:37Z"}
{"level":"info","time":"2025-12-21T14:58:25-06:00","message":"\nStats collection is disabled.\nHelp us improve Traefik by turning this feature on :)\nMore details on: https://doc.traefik.io/traefik/contributing/data-collection/\n"}
{"level":"info","time":"2025-12-21T14:58:25-06:00","message":"Starting provider aggregator aggregator.ProviderAggregator"}
{"level":"info","time":"2025-12-21T14:58:25-06:00","message":"Starting provider *file.Provider"}
{"level":"info","time":"2025-12-21T14:58:25-06:00","message":"Starting provider *traefik.Provider"}
{"level":"info","time":"2025-12-21T14:58:25-06:00","message":"Starting provider *acme.ChallengeTLSALPN"}
{"level":"info","time":"2025-12-21T14:58:25-06:00","message":"Starting provider *docker.Provider"}
{"level":"info","version":"3.0.4","time":"2025-12-21T15:00:27-06:00","message":"Traefik version 3.0.4 built on 2024-07-02T13:46:37Z"}
{"level":"info","time":"2025-12-21T15:00:27-06:00","message":"\nStats collection is disabled.\nHelp us improve Traefik by turning this feature on :)\nMore details on: https://doc.traefik.io/traefik/contributing/data-collection/\n"}
{"level":"error","error":"command traefik error: error while building entryPoint web: error preparing server: error opening listener: listen tcp :80: bind: address already in use","time":"2025-12-21T15:00:27-06:00","message":"Command error"}
{"level":"info","version":"3.0.4","time":"2025-12-21T15:01:52-06:00","message":"Traefik version 3.0.4 built on 2024-07-02T13:46:37Z"}
{"level":"info","time":"2025-12-21T15:01:52-06:00","message":"\nStats collection is disabled.\nHelp us improve Traefik by turning this feature on :)\nMore details on: https://doc.traefik.io/traefik/contributing/data-collection/\n"}
{"level":"error","error":"command traefik error: error while building entryPoint web: error preparing server: error opening listener: listen tcp :80: bind: address already in use","time":"2025-12-21T15:01:52-06:00","message":"Command error"}
{"level":"info","time":"2025-12-21T15:03:42-06:00","message":"I have to go..."}
{"level":"info","time":"2025-12-21T15:03:42-06:00","message":"Stopping server gracefully"}
{"level":"error","entryPointName":"websecure","error":"accept tcp [::]:443: use of closed network connection","time":"2025-12-21T15:03:42-06:00"}
{"level":"error","entryPointName":"web","error":"accept tcp [::]:80: use of closed network connection","time":"2025-12-21T15:03:42-06:00"}
{"level":"error","entryPointName":"traefik","error":"accept tcp [::]:8080: use of closed network connection","time":"2025-12-21T15:03:42-06:00"}
{"level":"error","entryPointName":"web","error":"close tcp [::]:80: use of closed network connection","time":"2025-12-21T15:03:42-06:00"}
{"level":"error","entryPointName":"traefik","error":"close tcp [::]:8080: use of closed network connection","time":"2025-12-21T15:03:42-06:00"}
{"level":"error","entryPointName":"websecure","error":"close tcp [::]:443: use of closed network connection","time":"2025-12-21T15:03:42-06:00"}
{"level":"info","time":"2025-12-21T15:03:42-06:00","message":"Server stopped"}
{"level":"info","time":"2025-12-21T15:03:42-06:00","message":"Shutting down"}
{"level":"info","version":"3.0.4","time":"2025-12-21T15:03:46-06:00","message":"Traefik version 3.0.4 built on 2024-07-02T13:46:37Z"}
{"level":"info","time":"2025-12-21T15:03:46-06:00","message":"\nStats collection is disabled.\nHelp us improve Traefik by turning this feature on :)\nMore details on: https://doc.traefik.io/traefik/contributing/data-collection/\n"}
{"level":"info","time":"2025-12-21T15:03:46-06:00","message":"Starting provider aggregator aggregator.ProviderAggregator"}
{"level":"info","time":"2025-12-21T15:03:46-06:00","message":"Starting provider *file.Provider"}
{"level":"info","time":"2025-12-21T15:03:46-06:00","message":"Starting provider *traefik.Provider"}
{"level":"info","time":"2025-12-21T15:03:46-06:00","message":"Starting provider *acme.ChallengeTLSALPN"}
{"level":"info","time":"2025-12-21T15:03:46-06:00","message":"Starting provider *docker.Provider"}
{"level":"info","time":"2025-12-21T15:05:35-06:00","message":"I have to go..."}
{"level":"info","time":"2025-12-21T15:05:35-06:00","message":"Stopping server gracefully"}
{"level":"error","entryPointName":"web","error":"accept tcp [::]:80: use of closed network connection","time":"2025-12-21T15:05:35-06:00"}
{"level":"error","entryPointName":"traefik","error":"accept tcp [::]:8080: use of closed network connection","time":"2025-12-21T15:05:35-06:00"}
{"level":"error","entryPointName":"traefik","error":"close tcp [::]:8080: use of closed network connection","time":"2025-12-21T15:05:35-06:00"}
{"level":"error","entryPointName":"web","error":"close tcp [::]:80: use of closed network connection","time":"2025-12-21T15:05:35-06:00"}
{"level":"error","entryPointName":"websecure","error":"accept tcp [::]:443: use of closed network connection","time":"2025-12-21T15:05:35-06:00"}
{"level":"error","entryPointName":"websecure","error":"accept tcp [::]:443: use of closed network connection","time":"2025-12-21T15:05:35-06:00","message":"Error while starting server"}
{"level":"info","time":"2025-12-21T15:05:35-06:00","message":"Server stopped"}
{"level":"info","time":"2025-12-21T15:05:35-06:00","message":"Shutting down"}
{"level":"info","version":"3.0.4","time":"2025-12-21T15:05:44-06:00","message":"Traefik version 3.0.4 built on 2024-07-02T13:46:37Z"}
{"level":"info","time":"2025-12-21T15:05:44-06:00","message":"\nStats collection is disabled.\nHelp us improve Traefik by turning this feature on :)\nMore details on: https://doc.traefik.io/traefik/contributing/data-collection/\n"}
{"level":"info","time":"2025-12-21T15:05:44-06:00","message":"Starting provider aggregator aggregator.ProviderAggregator"}
{"level":"info","time":"2025-12-21T15:05:44-06:00","message":"Starting provider *file.Provider"}
{"level":"info","time":"2025-12-21T15:05:44-06:00","message":"Starting provider *traefik.Provider"}
{"level":"info","time":"2025-12-21T15:05:44-06:00","message":"Starting provider *acme.ChallengeTLSALPN"}
{"level":"info","time":"2025-12-21T15:05:44-06:00","message":"Starting provider *docker.Provider"}
{"level":"info","time":"2025-12-21T15:06:37-06:00","message":"I have to go..."}
{"level":"info","time":"2025-12-21T15:06:37-06:00","message":"Stopping server gracefully"}
{"level":"error","entryPointName":"websecure","error":"accept tcp [::]:443: use of closed network connection","time":"2025-12-21T15:06:37-06:00"}
{"level":"error","entryPointName":"traefik","error":"accept tcp [::]:8080: use of closed network connection","time":"2025-12-21T15:06:37-06:00"}
{"level":"error","entryPointName":"websecure","error":"close tcp [::]:443: use of closed network connection","time":"2025-12-21T15:06:37-06:00"}
{"level":"error","entryPointName":"web","error":"accept tcp [::]:80: use of closed network connection","time":"2025-12-21T15:06:37-06:00"}
{"level":"error","entryPointName":"traefik","error":"close tcp [::]:8080: use of closed network connection","time":"2025-12-21T15:06:37-06:00"}
{"level":"error","entryPointName":"web","error":"close tcp [::]:80: use of closed network connection","time":"2025-12-21T15:06:37-06:00"}
{"level":"info","time":"2025-12-21T15:06:37-06:00","message":"Server stopped"}
{"level":"info","time":"2025-12-21T15:06:37-06:00","message":"Shutting down"}
{"level":"info","version":"3.0.4","time":"2025-12-21T15:06:42-06:00","message":"Traefik version 3.0.4 built on 2024-07-02T13:46:37Z"}
{"level":"info","time":"2025-12-21T15:06:42-06:00","message":"\nStats collection is disabled.\nHelp us improve Traefik by turning this feature on :)\nMore details on: https://doc.traefik.io/traefik/contributing/data-collection/\n"}
{"level":"info","time":"2025-12-21T15:06:42-06:00","message":"Starting provider aggregator aggregator.ProviderAggregator"}
{"level":"info","time":"2025-12-21T15:06:42-06:00","message":"Starting provider *file.Provider"}
{"level":"info","time":"2025-12-21T15:06:42-06:00","message":"Starting provider *traefik.Provider"}
{"level":"info","time":"2025-12-21T15:06:42-06:00","message":"Starting provider *docker.Provider"}
{"level":"info","time":"2025-12-21T15:06:42-06:00","message":"Starting provider *acme.ChallengeTLSALPN"}
{"level":"info","time":"2025-12-21T15:07:43-06:00","message":"I have to go..."}
{"level":"info","time":"2025-12-21T15:07:43-06:00","message":"Stopping server gracefully"}
{"level":"error","entryPointName":"traefik","error":"accept tcp [::]:8080: use of closed network connection","time":"2025-12-21T15:07:43-06:00"}
{"level":"error","entryPointName":"traefik","error":"close tcp [::]:8080: use of closed network connection","time":"2025-12-21T15:07:43-06:00"}
{"level":"error","entryPointName":"websecure","error":"accept tcp [::]:443: use of closed network connection","time":"2025-12-21T15:07:43-06:00"}
{"level":"error","entryPointName":"web","error":"accept tcp [::]:80: use of closed network connection","time":"2025-12-21T15:07:43-06:00"}
{"level":"error","entryPointName":"websecure","error":"close tcp [::]:443: use of closed network connection","time":"2025-12-21T15:07:43-06:00"}
{"level":"error","entryPointName":"web","error":"close tcp [::]:80: use of closed network connection","time":"2025-12-21T15:07:43-06:00"}
{"level":"info","time":"2025-12-21T15:07:43-06:00","message":"Server stopped"}
{"level":"info","time":"2025-12-21T15:07:43-06:00","message":"Shutting down"}
{"level":"info","version":"3.0.4","time":"2025-12-21T15:07:48-06:00","message":"Traefik version 3.0.4 built on 2024-07-02T13:46:37Z"}
{"level":"info","time":"2025-12-21T15:07:48-06:00","message":"\nStats collection is disabled.\nHelp us improve Traefik by turning this feature on :)\nMore details on: https://doc.traefik.io/traefik/contributing/data-collection/\n"}
{"level":"info","time":"2025-12-21T15:07:48-06:00","message":"Starting provider aggregator aggregator.ProviderAggregator"}
{"level":"info","time":"2025-12-21T15:07:48-06:00","message":"Starting provider *file.Provider"}
{"level":"info","time":"2025-12-21T15:07:48-06:00","message":"Starting provider *traefik.Provider"}
{"level":"info","time":"2025-12-21T15:07:48-06:00","message":"Starting provider *docker.Provider"}
{"level":"info","time":"2025-12-21T15:07:48-06:00","message":"Starting provider *acme.ChallengeTLSALPN"}
{"level":"info","time":"2025-12-21T15:09:00-06:00","message":"I have to go..."}
{"level":"info","time":"2025-12-21T15:09:00-06:00","message":"Stopping server gracefully"}
{"level":"error","entryPointName":"web","error":"accept tcp [::]:80: use of closed network connection","time":"2025-12-21T15:09:00-06:00"}
{"level":"error","entryPointName":"traefik","error":"accept tcp [::]:8080: use of closed network connection","time":"2025-12-21T15:09:00-06:00"}
{"level":"error","entryPointName":"traefik","error":"accept tcp [::]:8080: use of closed network connection","time":"2025-12-21T15:09:00-06:00","message":"Error while starting server"}
{"level":"error","entryPointName":"web","error":"close tcp [::]:80: use of closed network connection","time":"2025-12-21T15:09:00-06:00"}
{"level":"error","entryPointName":"websecure","error":"accept tcp [::]:443: use of closed network connection","time":"2025-12-21T15:09:00-06:00"}
{"level":"error","entryPointName":"websecure","error":"close tcp [::]:443: use of closed network connection","time":"2025-12-21T15:09:00-06:00"}
{"level":"info","time":"2025-12-21T15:09:00-06:00","message":"Server stopped"}
{"level":"info","time":"2025-12-21T15:09:00-06:00","message":"Shutting down"}
{"level":"info","version":"3.0.4","time":"2025-12-21T15:09:04-06:00","message":"Traefik version 3.0.4 built on 2024-07-02T13:46:37Z"}
{"level":"info","time":"2025-12-21T15:09:04-06:00","message":"\nStats collection is disabled.\nHelp us improve Traefik by turning this feature on :)\nMore details on: https://doc.traefik.io/traefik/contributing/data-collection/\n"}
{"level":"info","time":"2025-12-21T15:09:04-06:00","message":"Starting provider aggregator aggregator.ProviderAggregator"}
{"level":"info","time":"2025-12-21T15:09:04-06:00","message":"Starting provider *file.Provider"}
{"level":"info","time":"2025-12-21T15:09:04-06:00","message":"Starting provider *traefik.Provider"}
{"level":"info","time":"2025-12-21T15:09:04-06:00","message":"Starting provider *docker.Provider"}
{"level":"info","time":"2025-12-21T15:09:04-06:00","message":"Starting provider *acme.ChallengeTLSALPN"}
